<?xml version="1.0" encoding="UTF-8"?>
<!-- Generated by org.testng.reporters.JUnitXMLReporter -->
<testsuite hostname="PC-C02X50H9JGH8" ignored="2" name="Test" tests="6" failures="0" timestamp="2022-09-01T23:53:50 AEST" time="101.522" errors="0">
  <testcase name="AddCategoryToCart" time="10.748" classname="user.UserTestCases"/>
  <testcase name="E2ETestUser" time="18.304" classname="user.UserTestCases"/>
  <testcase name="ViewCategory" time="10.123" classname="user.UserTestCases"/>
  <testcase name="ListCategories" time="12.94" classname="user.UserTestCases"/>
  <testcase name="addProduct" time="7.163" classname="admin.adminTestCases"/>
  <testcase name="editProduct" time="8.505" classname="admin.adminTestCases"/>
  <testcase name="@AfterTest DataTearDown" time="0.0" classname="user.UserBaseClass">
    <ignored/>
  </testcase> <!-- @AfterTest DataTearDown -->
  <testcase name="@BeforeTest DataSetUP" time="0.0" classname="user.UserBaseClass">
    <ignored/>
  </testcase> <!-- @BeforeTest DataSetUP -->
</testsuite> <!-- Test -->
